
> web@0.1.0 build
> next build

  ▲ Next.js 14.2.3

   Creating an optimized production build ...
 ✓ Compiled successfully
   Linting and checking validity of types ...
   Collecting page data ...
   Generating static pages (0/5) ...
   Generating static pages (1/5) 
   Generating static pages (2/5) 
   Generating static pages (3/5) 
 ✓ Generating static pages (5/5)
   Finalizing page optimization ...
   Collecting build traces ...

Route (app)                              Size     First Load JS
┌ ○ /                                    138 B          87.1 kB
└ ○ /_not-found                          873 B          87.8 kB
+ First Load JS shared by all            86.9 kB
  ├ chunks/1dd3208c-423052682a96d096.js  53.6 kB
  ├ chunks/286-6a0cbe5aa43df90a.js       31.5 kB
  └ other shared chunks (total)          1.86 kB


○  (Static)  prerendered as static content

